2021-08-30 11:12:03 Info: Cake Authorization plugin is enabled. If you would like to force DebugKit to ignore it, set `DebugKit.ignoreAuthorization`  Configure option to true.
2021-08-30 11:12:17 Info: Cake Authorization plugin is enabled. If you would like to force DebugKit to ignore it, set `DebugKit.ignoreAuthorization`  Configure option to true.
2021-08-30 11:12:26 Info: Cake Authorization plugin is enabled. If you would like to force DebugKit to ignore it, set `DebugKit.ignoreAuthorization`  Configure option to true.
2021-08-30 11:12:28 Info: Cake Authorization plugin is enabled. If you would like to force DebugKit to ignore it, set `DebugKit.ignoreAuthorization`  Configure option to true.
2021-08-30 11:12:29 Info: Cake Authorization plugin is enabled. If you would like to force DebugKit to ignore it, set `DebugKit.ignoreAuthorization`  Configure option to true.
2021-08-30 11:12:35 Info: Cake Authorization plugin is enabled. If you would like to force DebugKit to ignore it, set `DebugKit.ignoreAuthorization`  Configure option to true.
2021-08-30 11:12:50 Info: Cake Authorization plugin is enabled. If you would like to force DebugKit to ignore it, set `DebugKit.ignoreAuthorization`  Configure option to true.
2021-08-30 11:12:59 Info: Cake Authorization plugin is enabled. If you would like to force DebugKit to ignore it, set `DebugKit.ignoreAuthorization`  Configure option to true.
2021-08-30 11:13:01 Info: Cake Authorization plugin is enabled. If you would like to force DebugKit to ignore it, set `DebugKit.ignoreAuthorization`  Configure option to true.
2021-08-30 11:13:04 Info: Cake Authorization plugin is enabled. If you would like to force DebugKit to ignore it, set `DebugKit.ignoreAuthorization`  Configure option to true.
2021-08-30 11:13:07 Info: Cake Authorization plugin is enabled. If you would like to force DebugKit to ignore it, set `DebugKit.ignoreAuthorization`  Configure option to true.
2021-08-30 11:13:10 Info: Cake Authorization plugin is enabled. If you would like to force DebugKit to ignore it, set `DebugKit.ignoreAuthorization`  Configure option to true.
2021-08-30 11:13:27 Info: Cake Authorization plugin is enabled. If you would like to force DebugKit to ignore it, set `DebugKit.ignoreAuthorization`  Configure option to true.
2021-08-30 11:13:30 Info: Cake Authorization plugin is enabled. If you would like to force DebugKit to ignore it, set `DebugKit.ignoreAuthorization`  Configure option to true.
2021-08-30 11:13:33 Info: Cake Authorization plugin is enabled. If you would like to force DebugKit to ignore it, set `DebugKit.ignoreAuthorization`  Configure option to true.
2021-08-30 11:13:38 Info: Cake Authorization plugin is enabled. If you would like to force DebugKit to ignore it, set `DebugKit.ignoreAuthorization`  Configure option to true.
2021-08-30 12:04:07 Info: Cake Authorization plugin is enabled. If you would like to force DebugKit to ignore it, set `DebugKit.ignoreAuthorization`  Configure option to true.
2021-08-30 12:25:33 Info: Cake Authorization plugin is enabled. If you would like to force DebugKit to ignore it, set `DebugKit.ignoreAuthorization`  Configure option to true.
2021-08-30 12:25:40 Info: Cake Authorization plugin is enabled. If you would like to force DebugKit to ignore it, set `DebugKit.ignoreAuthorization`  Configure option to true.
2021-08-30 12:25:47 Info: Cake Authorization plugin is enabled. If you would like to force DebugKit to ignore it, set `DebugKit.ignoreAuthorization`  Configure option to true.
2021-08-30 12:25:49 Info: Cake Authorization plugin is enabled. If you would like to force DebugKit to ignore it, set `DebugKit.ignoreAuthorization`  Configure option to true.
2021-08-30 12:25:51 Info: Cake Authorization plugin is enabled. If you would like to force DebugKit to ignore it, set `DebugKit.ignoreAuthorization`  Configure option to true.
2021-08-30 12:59:55 Info: Cake Authorization plugin is enabled. If you would like to force DebugKit to ignore it, set `DebugKit.ignoreAuthorization`  Configure option to true.
2021-08-30 13:00:22 Info: Cake Authorization plugin is enabled. If you would like to force DebugKit to ignore it, set `DebugKit.ignoreAuthorization`  Configure option to true.
2021-08-30 13:01:40 Info: Cake Authorization plugin is enabled. If you would like to force DebugKit to ignore it, set `DebugKit.ignoreAuthorization`  Configure option to true.
2021-08-30 13:01:53 Info: Cake Authorization plugin is enabled. If you would like to force DebugKit to ignore it, set `DebugKit.ignoreAuthorization`  Configure option to true.
2021-08-30 13:02:15 Info: Cake Authorization plugin is enabled. If you would like to force DebugKit to ignore it, set `DebugKit.ignoreAuthorization`  Configure option to true.
2021-08-30 13:02:20 Info: Cake Authorization plugin is enabled. If you would like to force DebugKit to ignore it, set `DebugKit.ignoreAuthorization`  Configure option to true.
2021-08-30 13:02:21 Info: Cake Authorization plugin is enabled. If you would like to force DebugKit to ignore it, set `DebugKit.ignoreAuthorization`  Configure option to true.
2021-08-30 13:02:22 Info: Cake Authorization plugin is enabled. If you would like to force DebugKit to ignore it, set `DebugKit.ignoreAuthorization`  Configure option to true.
2021-08-30 13:02:49 Info: Cake Authorization plugin is enabled. If you would like to force DebugKit to ignore it, set `DebugKit.ignoreAuthorization`  Configure option to true.
2021-08-30 13:02:52 Info: Cake Authorization plugin is enabled. If you would like to force DebugKit to ignore it, set `DebugKit.ignoreAuthorization`  Configure option to true.
2021-08-30 13:03:19 Info: Cake Authorization plugin is enabled. If you would like to force DebugKit to ignore it, set `DebugKit.ignoreAuthorization`  Configure option to true.
2021-08-30 13:03:24 Info: Cake Authorization plugin is enabled. If you would like to force DebugKit to ignore it, set `DebugKit.ignoreAuthorization`  Configure option to true.
2021-08-30 13:03:33 Info: Cake Authorization plugin is enabled. If you would like to force DebugKit to ignore it, set `DebugKit.ignoreAuthorization`  Configure option to true.
2021-08-30 13:03:50 Info: Cake Authorization plugin is enabled. If you would like to force DebugKit to ignore it, set `DebugKit.ignoreAuthorization`  Configure option to true.
2021-09-29 00:49:16 Notice: Notice (8): Undefined property: Cake\Http\ServerRequest::$getParam in [C:\Ampps39a21\www\section_4\cakephp_cms_tuto_v0_4_1\src\Controller\ObecCitiesController.php, line 20]
Request URL: /obec-cities/find-obec-cities.json?term=p
Referer URL: http://localhost/section_4/cakephp_cms_tuto_v0_4_1/articles/add
Client IP: 127.0.0.1
Trace:
Cake\Error\BaseErrorHandler::handleError() - CORE\src\Error\BaseErrorHandler.php, line 188
DebugKit\Plugin::DebugKit\{closure}() - ROOT\vendor\cakephp\debug_kit\src\Plugin.php, line 105
App\Controller\ObecCitiesController::findObecCities() - APP/Controller\ObecCitiesController.php, line 20
Cake\Controller\Controller::invokeAction() - CORE\src\Controller\Controller.php, line 531
Cake\Controller\ControllerFactory::invoke() - CORE\src\Controller\ControllerFactory.php, line 149
Cake\Http\BaseApplication::handle() - CORE\src\Http\BaseApplication.php, line 313
Cake\Http\Runner::handle() - CORE\src\Http\Runner.php, line 77
Authorization\Middleware\AuthorizationMiddleware::process() - ROOT\vendor\cakephp\authorization\src\Middleware\AuthorizationMiddleware.php, line 129
Cake\Http\Runner::handle() - CORE\src\Http\Runner.php, line 73
Authentication\Middleware\AuthenticationMiddleware::process() - ROOT\vendor\cakephp\authentication\src\Middleware\AuthenticationMiddleware.php, line 124
Cake\Http\Runner::handle() - CORE\src\Http\Runner.php, line 73
Cake\Routing\Middleware\RoutingMiddleware::process() - CORE\src\Routing\Middleware\RoutingMiddleware.php, line 161
Cake\Http\Runner::handle() - CORE\src\Http\Runner.php, line 73
Cake\Http\Middleware\CsrfProtectionMiddleware::process() - CORE\src\Http\Middleware\CsrfProtectionMiddleware.php, line 169
Cake\Http\Runner::handle() - CORE\src\Http\Runner.php, line 73
Cake\Http\Middleware\BodyParserMiddleware::process() - CORE\src\Http\Middleware\BodyParserMiddleware.php, line 159
Cake\Http\Runner::handle() - CORE\src\Http\Runner.php, line 73
Cake\Routing\Middleware\RoutingMiddleware::process() - CORE\src\Routing\Middleware\RoutingMiddleware.php, line 161
Cake\Http\Runner::handle() - CORE\src\Http\Runner.php, line 73
Cake\Routing\Middleware\AssetMiddleware::process() - CORE\src\Routing\Middleware\AssetMiddleware.php, line 77
Cake\Http\Runner::handle() - CORE\src\Http\Runner.php, line 73
Cake\Error\Middleware\ErrorHandlerMiddleware::process() - CORE\src\Error\Middleware\ErrorHandlerMiddleware.php, line 126
Cake\Http\Runner::handle() - CORE\src\Http\Runner.php, line 73
DebugKit\Middleware\DebugKitMiddleware::process() - ROOT\vendor\cakephp\debug_kit\src\Middleware\DebugKitMiddleware.php, line 60
Cake\Http\Runner::handle() - CORE\src\Http\Runner.php, line 73
Cake\Http\Runner::run() - CORE\src\Http\Runner.php, line 58
Cake\Http\Server::run() - CORE\src\Http\Server.php, line 90
[main] - ROOT\webroot\index.php, line 40

2021-09-29 00:49:18 Notice: Notice (8): Undefined property: Cake\Http\ServerRequest::$getParam in [C:\Ampps39a21\www\section_4\cakephp_cms_tuto_v0_4_1\src\Controller\ObecCitiesController.php, line 20]
Request URL: /obec-cities/find-obec-cities.json?term=pr
Referer URL: http://localhost/section_4/cakephp_cms_tuto_v0_4_1/articles/add
Client IP: 127.0.0.1
Trace:
Cake\Error\BaseErrorHandler::handleError() - CORE\src\Error\BaseErrorHandler.php, line 188
DebugKit\Plugin::DebugKit\{closure}() - ROOT\vendor\cakephp\debug_kit\src\Plugin.php, line 105
App\Controller\ObecCitiesController::findObecCities() - APP/Controller\ObecCitiesController.php, line 20
Cake\Controller\Controller::invokeAction() - CORE\src\Controller\Controller.php, line 531
Cake\Controller\ControllerFactory::invoke() - CORE\src\Controller\ControllerFactory.php, line 149
Cake\Http\BaseApplication::handle() - CORE\src\Http\BaseApplication.php, line 313
Cake\Http\Runner::handle() - CORE\src\Http\Runner.php, line 77
Authorization\Middleware\AuthorizationMiddleware::process() - ROOT\vendor\cakephp\authorization\src\Middleware\AuthorizationMiddleware.php, line 129
Cake\Http\Runner::handle() - CORE\src\Http\Runner.php, line 73
Authentication\Middleware\AuthenticationMiddleware::process() - ROOT\vendor\cakephp\authentication\src\Middleware\AuthenticationMiddleware.php, line 124
Cake\Http\Runner::handle() - CORE\src\Http\Runner.php, line 73
Cake\Routing\Middleware\RoutingMiddleware::process() - CORE\src\Routing\Middleware\RoutingMiddleware.php, line 161
Cake\Http\Runner::handle() - CORE\src\Http\Runner.php, line 73
Cake\Http\Middleware\CsrfProtectionMiddleware::process() - CORE\src\Http\Middleware\CsrfProtectionMiddleware.php, line 169
Cake\Http\Runner::handle() - CORE\src\Http\Runner.php, line 73
Cake\Http\Middleware\BodyParserMiddleware::process() - CORE\src\Http\Middleware\BodyParserMiddleware.php, line 159
Cake\Http\Runner::handle() - CORE\src\Http\Runner.php, line 73
Cake\Routing\Middleware\RoutingMiddleware::process() - CORE\src\Routing\Middleware\RoutingMiddleware.php, line 161
Cake\Http\Runner::handle() - CORE\src\Http\Runner.php, line 73
Cake\Routing\Middleware\AssetMiddleware::process() - CORE\src\Routing\Middleware\AssetMiddleware.php, line 77
Cake\Http\Runner::handle() - CORE\src\Http\Runner.php, line 73
Cake\Error\Middleware\ErrorHandlerMiddleware::process() - CORE\src\Error\Middleware\ErrorHandlerMiddleware.php, line 126
Cake\Http\Runner::handle() - CORE\src\Http\Runner.php, line 73
DebugKit\Middleware\DebugKitMiddleware::process() - ROOT\vendor\cakephp\debug_kit\src\Middleware\DebugKitMiddleware.php, line 60
Cake\Http\Runner::handle() - CORE\src\Http\Runner.php, line 73
Cake\Http\Runner::run() - CORE\src\Http\Runner.php, line 58
Cake\Http\Server::run() - CORE\src\Http\Server.php, line 90
[main] - ROOT\webroot\index.php, line 40

2021-09-29 00:50:01 Notice: Notice (8): Undefined property: Cake\Http\ServerRequest::$getParam in [C:\Ampps39a21\www\section_4\cakephp_cms_tuto_v0_4_1\src\Controller\ObecCitiesController.php, line 20]
Request URL: /obec-cities/find-obec-cities.json?term=p
Referer URL: http://localhost/section_4/cakephp_cms_tuto_v0_4_1/articles/add
Client IP: 127.0.0.1
Trace:
Cake\Error\BaseErrorHandler::handleError() - CORE\src\Error\BaseErrorHandler.php, line 188
DebugKit\Plugin::DebugKit\{closure}() - ROOT\vendor\cakephp\debug_kit\src\Plugin.php, line 105
App\Controller\ObecCitiesController::findObecCities() - APP/Controller\ObecCitiesController.php, line 20
Cake\Controller\Controller::invokeAction() - CORE\src\Controller\Controller.php, line 531
Cake\Controller\ControllerFactory::invoke() - CORE\src\Controller\ControllerFactory.php, line 149
Cake\Http\BaseApplication::handle() - CORE\src\Http\BaseApplication.php, line 313
Cake\Http\Runner::handle() - CORE\src\Http\Runner.php, line 77
Authorization\Middleware\AuthorizationMiddleware::process() - ROOT\vendor\cakephp\authorization\src\Middleware\AuthorizationMiddleware.php, line 129
Cake\Http\Runner::handle() - CORE\src\Http\Runner.php, line 73
Authentication\Middleware\AuthenticationMiddleware::process() - ROOT\vendor\cakephp\authentication\src\Middleware\AuthenticationMiddleware.php, line 124
Cake\Http\Runner::handle() - CORE\src\Http\Runner.php, line 73
Cake\Routing\Middleware\RoutingMiddleware::process() - CORE\src\Routing\Middleware\RoutingMiddleware.php, line 161
Cake\Http\Runner::handle() - CORE\src\Http\Runner.php, line 73
Cake\Http\Middleware\CsrfProtectionMiddleware::process() - CORE\src\Http\Middleware\CsrfProtectionMiddleware.php, line 169
Cake\Http\Runner::handle() - CORE\src\Http\Runner.php, line 73
Cake\Http\Middleware\BodyParserMiddleware::process() - CORE\src\Http\Middleware\BodyParserMiddleware.php, line 159
Cake\Http\Runner::handle() - CORE\src\Http\Runner.php, line 73
Cake\Routing\Middleware\RoutingMiddleware::process() - CORE\src\Routing\Middleware\RoutingMiddleware.php, line 161
Cake\Http\Runner::handle() - CORE\src\Http\Runner.php, line 73
Cake\Routing\Middleware\AssetMiddleware::process() - CORE\src\Routing\Middleware\AssetMiddleware.php, line 77
Cake\Http\Runner::handle() - CORE\src\Http\Runner.php, line 73
Cake\Error\Middleware\ErrorHandlerMiddleware::process() - CORE\src\Error\Middleware\ErrorHandlerMiddleware.php, line 126
Cake\Http\Runner::handle() - CORE\src\Http\Runner.php, line 73
DebugKit\Middleware\DebugKitMiddleware::process() - ROOT\vendor\cakephp\debug_kit\src\Middleware\DebugKitMiddleware.php, line 60
Cake\Http\Runner::handle() - CORE\src\Http\Runner.php, line 73
Cake\Http\Runner::run() - CORE\src\Http\Runner.php, line 58
Cake\Http\Server::run() - CORE\src\Http\Server.php, line 90
[main] - ROOT\webroot\index.php, line 40

2021-09-29 00:50:02 Notice: Notice (8): Undefined property: Cake\Http\ServerRequest::$getParam in [C:\Ampps39a21\www\section_4\cakephp_cms_tuto_v0_4_1\src\Controller\ObecCitiesController.php, line 20]
Request URL: /obec-cities/find-obec-cities.json?term=pr
Referer URL: http://localhost/section_4/cakephp_cms_tuto_v0_4_1/articles/add
Client IP: 127.0.0.1
Trace:
Cake\Error\BaseErrorHandler::handleError() - CORE\src\Error\BaseErrorHandler.php, line 188
DebugKit\Plugin::DebugKit\{closure}() - ROOT\vendor\cakephp\debug_kit\src\Plugin.php, line 105
App\Controller\ObecCitiesController::findObecCities() - APP/Controller\ObecCitiesController.php, line 20
Cake\Controller\Controller::invokeAction() - CORE\src\Controller\Controller.php, line 531
Cake\Controller\ControllerFactory::invoke() - CORE\src\Controller\ControllerFactory.php, line 149
Cake\Http\BaseApplication::handle() - CORE\src\Http\BaseApplication.php, line 313
Cake\Http\Runner::handle() - CORE\src\Http\Runner.php, line 77
Authorization\Middleware\AuthorizationMiddleware::process() - ROOT\vendor\cakephp\authorization\src\Middleware\AuthorizationMiddleware.php, line 129
Cake\Http\Runner::handle() - CORE\src\Http\Runner.php, line 73
Authentication\Middleware\AuthenticationMiddleware::process() - ROOT\vendor\cakephp\authentication\src\Middleware\AuthenticationMiddleware.php, line 124
Cake\Http\Runner::handle() - CORE\src\Http\Runner.php, line 73
Cake\Routing\Middleware\RoutingMiddleware::process() - CORE\src\Routing\Middleware\RoutingMiddleware.php, line 161
Cake\Http\Runner::handle() - CORE\src\Http\Runner.php, line 73
Cake\Http\Middleware\CsrfProtectionMiddleware::process() - CORE\src\Http\Middleware\CsrfProtectionMiddleware.php, line 169
Cake\Http\Runner::handle() - CORE\src\Http\Runner.php, line 73
Cake\Http\Middleware\BodyParserMiddleware::process() - CORE\src\Http\Middleware\BodyParserMiddleware.php, line 159
Cake\Http\Runner::handle() - CORE\src\Http\Runner.php, line 73
Cake\Routing\Middleware\RoutingMiddleware::process() - CORE\src\Routing\Middleware\RoutingMiddleware.php, line 161
Cake\Http\Runner::handle() - CORE\src\Http\Runner.php, line 73
Cake\Routing\Middleware\AssetMiddleware::process() - CORE\src\Routing\Middleware\AssetMiddleware.php, line 77
Cake\Http\Runner::handle() - CORE\src\Http\Runner.php, line 73
Cake\Error\Middleware\ErrorHandlerMiddleware::process() - CORE\src\Error\Middleware\ErrorHandlerMiddleware.php, line 126
Cake\Http\Runner::handle() - CORE\src\Http\Runner.php, line 73
DebugKit\Middleware\DebugKitMiddleware::process() - ROOT\vendor\cakephp\debug_kit\src\Middleware\DebugKitMiddleware.php, line 60
Cake\Http\Runner::handle() - CORE\src\Http\Runner.php, line 73
Cake\Http\Runner::run() - CORE\src\Http\Runner.php, line 58
Cake\Http\Server::run() - CORE\src\Http\Server.php, line 90
[main] - ROOT\webroot\index.php, line 40

2021-09-29 00:50:02 Notice: Notice (8): Undefined property: Cake\Http\ServerRequest::$getParam in [C:\Ampps39a21\www\section_4\cakephp_cms_tuto_v0_4_1\src\Controller\ObecCitiesController.php, line 20]
Request URL: /obec-cities/find-obec-cities.json?term=pra
Referer URL: http://localhost/section_4/cakephp_cms_tuto_v0_4_1/articles/add
Client IP: 127.0.0.1
Trace:
Cake\Error\BaseErrorHandler::handleError() - CORE\src\Error\BaseErrorHandler.php, line 188
DebugKit\Plugin::DebugKit\{closure}() - ROOT\vendor\cakephp\debug_kit\src\Plugin.php, line 105
App\Controller\ObecCitiesController::findObecCities() - APP/Controller\ObecCitiesController.php, line 20
Cake\Controller\Controller::invokeAction() - CORE\src\Controller\Controller.php, line 531
Cake\Controller\ControllerFactory::invoke() - CORE\src\Controller\ControllerFactory.php, line 149
Cake\Http\BaseApplication::handle() - CORE\src\Http\BaseApplication.php, line 313
Cake\Http\Runner::handle() - CORE\src\Http\Runner.php, line 77
Authorization\Middleware\AuthorizationMiddleware::process() - ROOT\vendor\cakephp\authorization\src\Middleware\AuthorizationMiddleware.php, line 129
Cake\Http\Runner::handle() - CORE\src\Http\Runner.php, line 73
Authentication\Middleware\AuthenticationMiddleware::process() - ROOT\vendor\cakephp\authentication\src\Middleware\AuthenticationMiddleware.php, line 124
Cake\Http\Runner::handle() - CORE\src\Http\Runner.php, line 73
Cake\Routing\Middleware\RoutingMiddleware::process() - CORE\src\Routing\Middleware\RoutingMiddleware.php, line 161
Cake\Http\Runner::handle() - CORE\src\Http\Runner.php, line 73
Cake\Http\Middleware\CsrfProtectionMiddleware::process() - CORE\src\Http\Middleware\CsrfProtectionMiddleware.php, line 169
Cake\Http\Runner::handle() - CORE\src\Http\Runner.php, line 73
Cake\Http\Middleware\BodyParserMiddleware::process() - CORE\src\Http\Middleware\BodyParserMiddleware.php, line 159
Cake\Http\Runner::handle() - CORE\src\Http\Runner.php, line 73
Cake\Routing\Middleware\RoutingMiddleware::process() - CORE\src\Routing\Middleware\RoutingMiddleware.php, line 161
Cake\Http\Runner::handle() - CORE\src\Http\Runner.php, line 73
Cake\Routing\Middleware\AssetMiddleware::process() - CORE\src\Routing\Middleware\AssetMiddleware.php, line 77
Cake\Http\Runner::handle() - CORE\src\Http\Runner.php, line 73
Cake\Error\Middleware\ErrorHandlerMiddleware::process() - CORE\src\Error\Middleware\ErrorHandlerMiddleware.php, line 126
Cake\Http\Runner::handle() - CORE\src\Http\Runner.php, line 73
DebugKit\Middleware\DebugKitMiddleware::process() - ROOT\vendor\cakephp\debug_kit\src\Middleware\DebugKitMiddleware.php, line 60
Cake\Http\Runner::handle() - CORE\src\Http\Runner.php, line 73
Cake\Http\Runner::run() - CORE\src\Http\Runner.php, line 58
Cake\Http\Server::run() - CORE\src\Http\Server.php, line 90
[main] - ROOT\webroot\index.php, line 40

2021-10-13 00:30:23 Notice: Notice (1024): Undefined property: KrajRegionsController::$Authorization in C:\Ampps39a21\www\section_5\cakephp_cms_tuto_v0_5_1\src\Controller\Api\AppController.php on line 43 in [C:\Ampps39a21\www\section_5\cakephp_cms_tuto_v0_5_1\vendor\cakephp\cakephp\src\Controller\Controller.php, line 321]
Request URL: /api/krajRegions
Client IP: 127.0.0.1
Trace:
Cake\Error\BaseErrorHandler::handleError() - CORE\src\Error\BaseErrorHandler.php, line 188
DebugKit\Plugin::DebugKit\{closure}() - ROOT\vendor\cakephp\debug_kit\src\Plugin.php, line 105
Cake\Controller\Controller::__get() - CORE\src\Controller\Controller.php, line 321
App\Controller\Api\AppController::initialize() - APP/Controller\Api\AppController.php, line 43
App\Controller\Api\KrajRegionsController::initialize() - APP/Controller\Api\KrajRegionsController.php, line 11
Cake\Controller\Controller::__construct() - CORE\src\Controller\Controller.php, line 213
ReflectionClass::newInstance() - [internal], line ??
Cake\Controller\ControllerFactory::create() - CORE\src\Controller\ControllerFactory.php, line 79
Cake\Http\BaseApplication::handle() - CORE\src\Http\BaseApplication.php, line 311
Cake\Http\Runner::handle() - CORE\src\Http\Runner.php, line 77
Authorization\Middleware\AuthorizationMiddleware::process() - ROOT\vendor\cakephp\authorization\src\Middleware\AuthorizationMiddleware.php, line 129
Cake\Http\Runner::handle() - CORE\src\Http\Runner.php, line 73
Authentication\Middleware\AuthenticationMiddleware::process() - ROOT\vendor\cakephp\authentication\src\Middleware\AuthenticationMiddleware.php, line 124
Cake\Http\Runner::handle() - CORE\src\Http\Runner.php, line 73
Cake\Http\Middleware\BodyParserMiddleware::process() - CORE\src\Http\Middleware\BodyParserMiddleware.php, line 159
Cake\Http\Runner::handle() - CORE\src\Http\Runner.php, line 73
Cake\Routing\Middleware\RoutingMiddleware::process() - CORE\src\Routing\Middleware\RoutingMiddleware.php, line 161
Cake\Http\Runner::handle() - CORE\src\Http\Runner.php, line 73
Cake\Routing\Middleware\AssetMiddleware::process() - CORE\src\Routing\Middleware\AssetMiddleware.php, line 68
Cake\Http\Runner::handle() - CORE\src\Http\Runner.php, line 73
Cake\Error\Middleware\ErrorHandlerMiddleware::process() - CORE\src\Error\Middleware\ErrorHandlerMiddleware.php, line 126
Cake\Http\Runner::handle() - CORE\src\Http\Runner.php, line 73
DebugKit\Middleware\DebugKitMiddleware::process() - ROOT\vendor\cakephp\debug_kit\src\Middleware\DebugKitMiddleware.php, line 60
Cake\Http\Runner::handle() - CORE\src\Http\Runner.php, line 73
Cake\Http\Runner::run() - CORE\src\Http\Runner.php, line 58
Cake\Http\Server::run() - CORE\src\Http\Server.php, line 90
[main] - ROOT\webroot\index.php, line 40

2021-10-13 00:32:25 Notice: Notice (1024): Undefined property: KrajRegionsController::$Authorization in C:\Ampps39a21\www\section_5\cakephp_cms_tuto_v0_5_1\src\Controller\Api\AppController.php on line 43 in [C:\Ampps39a21\www\section_5\cakephp_cms_tuto_v0_5_1\vendor\cakephp\cakephp\src\Controller\Controller.php, line 321]
Request URL: /api/krajRegions
Client IP: 127.0.0.1
Trace:
Cake\Error\BaseErrorHandler::handleError() - CORE\src\Error\BaseErrorHandler.php, line 188
DebugKit\Plugin::DebugKit\{closure}() - ROOT\vendor\cakephp\debug_kit\src\Plugin.php, line 105
Cake\Controller\Controller::__get() - CORE\src\Controller\Controller.php, line 321
App\Controller\Api\AppController::initialize() - APP/Controller\Api\AppController.php, line 43
App\Controller\Api\KrajRegionsController::initialize() - APP/Controller\Api\KrajRegionsController.php, line 11
Cake\Controller\Controller::__construct() - CORE\src\Controller\Controller.php, line 213
ReflectionClass::newInstance() - [internal], line ??
Cake\Controller\ControllerFactory::create() - CORE\src\Controller\ControllerFactory.php, line 79
Cake\Http\BaseApplication::handle() - CORE\src\Http\BaseApplication.php, line 311
Cake\Http\Runner::handle() - CORE\src\Http\Runner.php, line 77
Authorization\Middleware\AuthorizationMiddleware::process() - ROOT\vendor\cakephp\authorization\src\Middleware\AuthorizationMiddleware.php, line 129
Cake\Http\Runner::handle() - CORE\src\Http\Runner.php, line 73
Authentication\Middleware\AuthenticationMiddleware::process() - ROOT\vendor\cakephp\authentication\src\Middleware\AuthenticationMiddleware.php, line 124
Cake\Http\Runner::handle() - CORE\src\Http\Runner.php, line 73
Cake\Http\Middleware\BodyParserMiddleware::process() - CORE\src\Http\Middleware\BodyParserMiddleware.php, line 159
Cake\Http\Runner::handle() - CORE\src\Http\Runner.php, line 73
Cake\Routing\Middleware\RoutingMiddleware::process() - CORE\src\Routing\Middleware\RoutingMiddleware.php, line 161
Cake\Http\Runner::handle() - CORE\src\Http\Runner.php, line 73
Cake\Routing\Middleware\AssetMiddleware::process() - CORE\src\Routing\Middleware\AssetMiddleware.php, line 68
Cake\Http\Runner::handle() - CORE\src\Http\Runner.php, line 73
Cake\Error\Middleware\ErrorHandlerMiddleware::process() - CORE\src\Error\Middleware\ErrorHandlerMiddleware.php, line 126
Cake\Http\Runner::handle() - CORE\src\Http\Runner.php, line 73
DebugKit\Middleware\DebugKitMiddleware::process() - ROOT\vendor\cakephp\debug_kit\src\Middleware\DebugKitMiddleware.php, line 60
Cake\Http\Runner::handle() - CORE\src\Http\Runner.php, line 73
Cake\Http\Runner::run() - CORE\src\Http\Runner.php, line 58
Cake\Http\Server::run() - CORE\src\Http\Server.php, line 90
[main] - ROOT\webroot\index.php, line 40

2021-10-13 00:34:23 Notice: Notice (1024): Undefined property: KrajRegionsController::$Authorization in C:\Ampps39a21\www\section_5\cakephp_cms_tuto_v0_5_1\src\Controller\Api\KrajRegionsController.php on line 16 in [C:\Ampps39a21\www\section_5\cakephp_cms_tuto_v0_5_1\vendor\cakephp\cakephp\src\Controller\Controller.php, line 321]
Request URL: /api/krajRegions
Client IP: 127.0.0.1
Trace:
Cake\Error\BaseErrorHandler::handleError() - CORE\src\Error\BaseErrorHandler.php, line 188
DebugKit\Plugin::DebugKit\{closure}() - ROOT\vendor\cakephp\debug_kit\src\Plugin.php, line 105
Cake\Controller\Controller::__get() - CORE\src\Controller\Controller.php, line 321
App\Controller\Api\KrajRegionsController::index() - APP/Controller\Api\KrajRegionsController.php, line 16
Cake\Controller\Controller::invokeAction() - CORE\src\Controller\Controller.php, line 531
Cake\Controller\ControllerFactory::invoke() - CORE\src\Controller\ControllerFactory.php, line 149
Cake\Http\BaseApplication::handle() - CORE\src\Http\BaseApplication.php, line 313
Cake\Http\Runner::handle() - CORE\src\Http\Runner.php, line 77
Authorization\Middleware\AuthorizationMiddleware::process() - ROOT\vendor\cakephp\authorization\src\Middleware\AuthorizationMiddleware.php, line 129
Cake\Http\Runner::handle() - CORE\src\Http\Runner.php, line 73
Authentication\Middleware\AuthenticationMiddleware::process() - ROOT\vendor\cakephp\authentication\src\Middleware\AuthenticationMiddleware.php, line 124
Cake\Http\Runner::handle() - CORE\src\Http\Runner.php, line 73
Cake\Http\Middleware\BodyParserMiddleware::process() - CORE\src\Http\Middleware\BodyParserMiddleware.php, line 159
Cake\Http\Runner::handle() - CORE\src\Http\Runner.php, line 73
Cake\Routing\Middleware\RoutingMiddleware::process() - CORE\src\Routing\Middleware\RoutingMiddleware.php, line 161
Cake\Http\Runner::handle() - CORE\src\Http\Runner.php, line 73
Cake\Routing\Middleware\AssetMiddleware::process() - CORE\src\Routing\Middleware\AssetMiddleware.php, line 68
Cake\Http\Runner::handle() - CORE\src\Http\Runner.php, line 73
Cake\Error\Middleware\ErrorHandlerMiddleware::process() - CORE\src\Error\Middleware\ErrorHandlerMiddleware.php, line 126
Cake\Http\Runner::handle() - CORE\src\Http\Runner.php, line 73
DebugKit\Middleware\DebugKitMiddleware::process() - ROOT\vendor\cakephp\debug_kit\src\Middleware\DebugKitMiddleware.php, line 60
Cake\Http\Runner::handle() - CORE\src\Http\Runner.php, line 73
Cake\Http\Runner::run() - CORE\src\Http\Runner.php, line 58
Cake\Http\Server::run() - CORE\src\Http\Server.php, line 90
[main] - ROOT\webroot\index.php, line 40

2021-10-13 00:41:52 Notice: Notice (1024): Undefined property: KrajRegionsController::$Authentication in C:\Ampps39a21\www\section_5\cakephp_cms_tuto_v0_5_1\src\Controller\Api\AppController.php on line 49 in [C:\Ampps39a21\www\section_5\cakephp_cms_tuto_v0_5_1\vendor\cakephp\cakephp\src\Controller\Controller.php, line 321]
Request URL: /api/krajRegions
Client IP: 127.0.0.1
Trace:
Cake\Error\BaseErrorHandler::handleError() - CORE\src\Error\BaseErrorHandler.php, line 188
DebugKit\Plugin::DebugKit\{closure}() - ROOT\vendor\cakephp\debug_kit\src\Plugin.php, line 105
Cake\Controller\Controller::__get() - CORE\src\Controller\Controller.php, line 321
App\Controller\Api\AppController::beforeFilter() - APP/Controller\Api\AppController.php, line 49
Cake\Event\EventManager::_callListener() - CORE\src\Event\EventManager.php, line 309
Cake\Event\EventManager::dispatch() - CORE\src\Event\EventManager.php, line 286
Cake\Controller\Controller::dispatchEvent() - CORE\src\Event\EventDispatcherTrait.php, line 92
Cake\Controller\Controller::startupProcess() - CORE\src\Controller\Controller.php, line 575
Cake\Controller\ControllerFactory::invoke() - CORE\src\Controller\ControllerFactory.php, line 96
Cake\Http\BaseApplication::handle() - CORE\src\Http\BaseApplication.php, line 313
Cake\Http\Runner::handle() - CORE\src\Http\Runner.php, line 77
Authorization\Middleware\AuthorizationMiddleware::process() - ROOT\vendor\cakephp\authorization\src\Middleware\AuthorizationMiddleware.php, line 129
Cake\Http\Runner::handle() - CORE\src\Http\Runner.php, line 73
Authentication\Middleware\AuthenticationMiddleware::process() - ROOT\vendor\cakephp\authentication\src\Middleware\AuthenticationMiddleware.php, line 124
Cake\Http\Runner::handle() - CORE\src\Http\Runner.php, line 73
Cake\Http\Middleware\BodyParserMiddleware::process() - CORE\src\Http\Middleware\BodyParserMiddleware.php, line 159
Cake\Http\Runner::handle() - CORE\src\Http\Runner.php, line 73
Cake\Routing\Middleware\RoutingMiddleware::process() - CORE\src\Routing\Middleware\RoutingMiddleware.php, line 161
Cake\Http\Runner::handle() - CORE\src\Http\Runner.php, line 73
Cake\Routing\Middleware\AssetMiddleware::process() - CORE\src\Routing\Middleware\AssetMiddleware.php, line 68
Cake\Http\Runner::handle() - CORE\src\Http\Runner.php, line 73
Cake\Error\Middleware\ErrorHandlerMiddleware::process() - CORE\src\Error\Middleware\ErrorHandlerMiddleware.php, line 126
Cake\Http\Runner::handle() - CORE\src\Http\Runner.php, line 73
DebugKit\Middleware\DebugKitMiddleware::process() - ROOT\vendor\cakephp\debug_kit\src\Middleware\DebugKitMiddleware.php, line 60
Cake\Http\Runner::handle() - CORE\src\Http\Runner.php, line 73
Cake\Http\Runner::run() - CORE\src\Http\Runner.php, line 58
Cake\Http\Server::run() - CORE\src\Http\Server.php, line 90
[main] - ROOT\webroot\index.php, line 40

2021-10-13 00:43:10 Notice: Notice (1024): Undefined property: KrajRegionsController::$Authentication in C:\Ampps39a21\www\section_5\cakephp_cms_tuto_v0_5_1\src\Controller\Api\AppController.php on line 49 in [C:\Ampps39a21\www\section_5\cakephp_cms_tuto_v0_5_1\vendor\cakephp\cakephp\src\Controller\Controller.php, line 321]
Request URL: /api/krajRegions
Client IP: 127.0.0.1
Trace:
Cake\Error\BaseErrorHandler::handleError() - CORE\src\Error\BaseErrorHandler.php, line 188
DebugKit\Plugin::DebugKit\{closure}() - ROOT\vendor\cakephp\debug_kit\src\Plugin.php, line 105
Cake\Controller\Controller::__get() - CORE\src\Controller\Controller.php, line 321
App\Controller\Api\AppController::beforeFilter() - APP/Controller\Api\AppController.php, line 49
Cake\Event\EventManager::_callListener() - CORE\src\Event\EventManager.php, line 309
Cake\Event\EventManager::dispatch() - CORE\src\Event\EventManager.php, line 286
Cake\Controller\Controller::dispatchEvent() - CORE\src\Event\EventDispatcherTrait.php, line 92
Cake\Controller\Controller::startupProcess() - CORE\src\Controller\Controller.php, line 575
Cake\Controller\ControllerFactory::invoke() - CORE\src\Controller\ControllerFactory.php, line 96
Cake\Http\BaseApplication::handle() - CORE\src\Http\BaseApplication.php, line 313
Cake\Http\Runner::handle() - CORE\src\Http\Runner.php, line 77
Authorization\Middleware\AuthorizationMiddleware::process() - ROOT\vendor\cakephp\authorization\src\Middleware\AuthorizationMiddleware.php, line 129
Cake\Http\Runner::handle() - CORE\src\Http\Runner.php, line 73
Authentication\Middleware\AuthenticationMiddleware::process() - ROOT\vendor\cakephp\authentication\src\Middleware\AuthenticationMiddleware.php, line 124
Cake\Http\Runner::handle() - CORE\src\Http\Runner.php, line 73
Cake\Http\Middleware\BodyParserMiddleware::process() - CORE\src\Http\Middleware\BodyParserMiddleware.php, line 159
Cake\Http\Runner::handle() - CORE\src\Http\Runner.php, line 73
Cake\Routing\Middleware\RoutingMiddleware::process() - CORE\src\Routing\Middleware\RoutingMiddleware.php, line 161
Cake\Http\Runner::handle() - CORE\src\Http\Runner.php, line 73
Cake\Routing\Middleware\AssetMiddleware::process() - CORE\src\Routing\Middleware\AssetMiddleware.php, line 68
Cake\Http\Runner::handle() - CORE\src\Http\Runner.php, line 73
Cake\Error\Middleware\ErrorHandlerMiddleware::process() - CORE\src\Error\Middleware\ErrorHandlerMiddleware.php, line 126
Cake\Http\Runner::handle() - CORE\src\Http\Runner.php, line 73
DebugKit\Middleware\DebugKitMiddleware::process() - ROOT\vendor\cakephp\debug_kit\src\Middleware\DebugKitMiddleware.php, line 60
Cake\Http\Runner::handle() - CORE\src\Http\Runner.php, line 73
Cake\Http\Runner::run() - CORE\src\Http\Runner.php, line 58
Cake\Http\Server::run() - CORE\src\Http\Server.php, line 90
[main] - ROOT\webroot\index.php, line 40

