2022-08-27 21:30:54 error: [Cake\Http\Exception\MissingControllerException] Controller class Controleurc could not be found. in C:\Ampps\www\SessionH23\cakephp_cms_tuto_v0_0_1\vendor\cakephp\cakephp\src\Controller\ControllerFactory.php on line 348
Exception Attributes: array (
  'class' => 'Controleurc',
  'plugin' => NULL,
  'prefix' => NULL,
  '_ext' => NULL,
)
Stack Trace:
- C:\Ampps\www\SessionH23\cakephp_cms_tuto_v0_0_1\vendor\cakephp\cakephp\src\Controller\ControllerFactory.php:74
- C:\Ampps\www\SessionH23\cakephp_cms_tuto_v0_0_1\vendor\cakephp\cakephp\src\Http\BaseApplication.php:318
- C:\Ampps\www\SessionH23\cakephp_cms_tuto_v0_0_1\vendor\cakephp\cakephp\src\Http\Runner.php:77
- C:\Ampps\www\SessionH23\cakephp_cms_tuto_v0_0_1\vendor\cakephp\cakephp\src\Http\Middleware\CsrfProtectionMiddleware.php:174
- C:\Ampps\www\SessionH23\cakephp_cms_tuto_v0_0_1\vendor\cakephp\cakephp\src\Http\Runner.php:73
- C:\Ampps\www\SessionH23\cakephp_cms_tuto_v0_0_1\vendor\cakephp\cakephp\src\Http\Middleware\BodyParserMiddleware.php:157
- C:\Ampps\www\SessionH23\cakephp_cms_tuto_v0_0_1\vendor\cakephp\cakephp\src\Http\Runner.php:73
- C:\Ampps\www\SessionH23\cakephp_cms_tuto_v0_0_1\vendor\cakephp\cakephp\src\Routing\Middleware\RoutingMiddleware.php:186
- C:\Ampps\www\SessionH23\cakephp_cms_tuto_v0_0_1\vendor\cakephp\cakephp\src\Http\Runner.php:73
- C:\Ampps\www\SessionH23\cakephp_cms_tuto_v0_0_1\vendor\cakephp\cakephp\src\Routing\Middleware\AssetMiddleware.php:68
- C:\Ampps\www\SessionH23\cakephp_cms_tuto_v0_0_1\vendor\cakephp\cakephp\src\Http\Runner.php:73
- C:\Ampps\www\SessionH23\cakephp_cms_tuto_v0_0_1\vendor\cakephp\cakephp\src\Error\Middleware\ErrorHandlerMiddleware.php:131
- C:\Ampps\www\SessionH23\cakephp_cms_tuto_v0_0_1\vendor\cakephp\cakephp\src\Http\Runner.php:73
- C:\Ampps\www\SessionH23\cakephp_cms_tuto_v0_0_1\vendor\cakephp\debug_kit\src\Middleware\DebugKitMiddleware.php:60
- C:\Ampps\www\SessionH23\cakephp_cms_tuto_v0_0_1\vendor\cakephp\cakephp\src\Http\Runner.php:73
- C:\Ampps\www\SessionH23\cakephp_cms_tuto_v0_0_1\vendor\cakephp\cakephp\src\Http\Runner.php:58
- C:\Ampps\www\SessionH23\cakephp_cms_tuto_v0_0_1\vendor\cakephp\cakephp\src\Http\Server.php:90
- C:\Ampps\www\SessionH23\cakephp_cms_tuto_v0_0_1\webroot\index.php:40

Request URL: /controleurc
2022-08-27 21:31:33 error: [Cake\Http\Exception\MissingControllerException] Controller class ControllerC could not be found. in C:\Ampps\www\SessionH23\cakephp_cms_tuto_v0_0_1\vendor\cakephp\cakephp\src\Controller\ControllerFactory.php on line 348
Exception Attributes: array (
  'class' => 'ControllerC',
  'plugin' => NULL,
  'prefix' => NULL,
  '_ext' => NULL,
)
Stack Trace:
- C:\Ampps\www\SessionH23\cakephp_cms_tuto_v0_0_1\vendor\cakephp\cakephp\src\Controller\ControllerFactory.php:74
- C:\Ampps\www\SessionH23\cakephp_cms_tuto_v0_0_1\vendor\cakephp\cakephp\src\Http\BaseApplication.php:318
- C:\Ampps\www\SessionH23\cakephp_cms_tuto_v0_0_1\vendor\cakephp\cakephp\src\Http\Runner.php:77
- C:\Ampps\www\SessionH23\cakephp_cms_tuto_v0_0_1\vendor\cakephp\cakephp\src\Http\Middleware\CsrfProtectionMiddleware.php:174
- C:\Ampps\www\SessionH23\cakephp_cms_tuto_v0_0_1\vendor\cakephp\cakephp\src\Http\Runner.php:73
- C:\Ampps\www\SessionH23\cakephp_cms_tuto_v0_0_1\vendor\cakephp\cakephp\src\Http\Middleware\BodyParserMiddleware.php:157
- C:\Ampps\www\SessionH23\cakephp_cms_tuto_v0_0_1\vendor\cakephp\cakephp\src\Http\Runner.php:73
- C:\Ampps\www\SessionH23\cakephp_cms_tuto_v0_0_1\vendor\cakephp\cakephp\src\Routing\Middleware\RoutingMiddleware.php:186
- C:\Ampps\www\SessionH23\cakephp_cms_tuto_v0_0_1\vendor\cakephp\cakephp\src\Http\Runner.php:73
- C:\Ampps\www\SessionH23\cakephp_cms_tuto_v0_0_1\vendor\cakephp\cakephp\src\Routing\Middleware\AssetMiddleware.php:68
- C:\Ampps\www\SessionH23\cakephp_cms_tuto_v0_0_1\vendor\cakephp\cakephp\src\Http\Runner.php:73
- C:\Ampps\www\SessionH23\cakephp_cms_tuto_v0_0_1\vendor\cakephp\cakephp\src\Error\Middleware\ErrorHandlerMiddleware.php:131
- C:\Ampps\www\SessionH23\cakephp_cms_tuto_v0_0_1\vendor\cakephp\cakephp\src\Http\Runner.php:73
- C:\Ampps\www\SessionH23\cakephp_cms_tuto_v0_0_1\vendor\cakephp\debug_kit\src\Middleware\DebugKitMiddleware.php:60
- C:\Ampps\www\SessionH23\cakephp_cms_tuto_v0_0_1\vendor\cakephp\cakephp\src\Http\Runner.php:73
- C:\Ampps\www\SessionH23\cakephp_cms_tuto_v0_0_1\vendor\cakephp\cakephp\src\Http\Runner.php:58
- C:\Ampps\www\SessionH23\cakephp_cms_tuto_v0_0_1\vendor\cakephp\cakephp\src\Http\Server.php:90
- C:\Ampps\www\SessionH23\cakephp_cms_tuto_v0_0_1\webroot\index.php:40

Request URL: /ControllerC
2022-08-27 21:31:49 error: [Cake\Http\Exception\MissingControllerException] Controller class ControllerC could not be found. in C:\Ampps\www\SessionH23\cakephp_cms_tuto_v0_0_1\vendor\cakephp\cakephp\src\Controller\ControllerFactory.php on line 348
Exception Attributes: array (
  'class' => 'ControllerC',
  'plugin' => NULL,
  'prefix' => NULL,
  '_ext' => NULL,
)
Stack Trace:
- C:\Ampps\www\SessionH23\cakephp_cms_tuto_v0_0_1\vendor\cakephp\cakephp\src\Controller\ControllerFactory.php:74
- C:\Ampps\www\SessionH23\cakephp_cms_tuto_v0_0_1\vendor\cakephp\cakephp\src\Http\BaseApplication.php:318
- C:\Ampps\www\SessionH23\cakephp_cms_tuto_v0_0_1\vendor\cakephp\cakephp\src\Http\Runner.php:77
- C:\Ampps\www\SessionH23\cakephp_cms_tuto_v0_0_1\vendor\cakephp\cakephp\src\Http\Middleware\CsrfProtectionMiddleware.php:174
- C:\Ampps\www\SessionH23\cakephp_cms_tuto_v0_0_1\vendor\cakephp\cakephp\src\Http\Runner.php:73
- C:\Ampps\www\SessionH23\cakephp_cms_tuto_v0_0_1\vendor\cakephp\cakephp\src\Http\Middleware\BodyParserMiddleware.php:157
- C:\Ampps\www\SessionH23\cakephp_cms_tuto_v0_0_1\vendor\cakephp\cakephp\src\Http\Runner.php:73
- C:\Ampps\www\SessionH23\cakephp_cms_tuto_v0_0_1\vendor\cakephp\cakephp\src\Routing\Middleware\RoutingMiddleware.php:186
- C:\Ampps\www\SessionH23\cakephp_cms_tuto_v0_0_1\vendor\cakephp\cakephp\src\Http\Runner.php:73
- C:\Ampps\www\SessionH23\cakephp_cms_tuto_v0_0_1\vendor\cakephp\cakephp\src\Routing\Middleware\AssetMiddleware.php:68
- C:\Ampps\www\SessionH23\cakephp_cms_tuto_v0_0_1\vendor\cakephp\cakephp\src\Http\Runner.php:73
- C:\Ampps\www\SessionH23\cakephp_cms_tuto_v0_0_1\vendor\cakephp\cakephp\src\Error\Middleware\ErrorHandlerMiddleware.php:131
- C:\Ampps\www\SessionH23\cakephp_cms_tuto_v0_0_1\vendor\cakephp\cakephp\src\Http\Runner.php:73
- C:\Ampps\www\SessionH23\cakephp_cms_tuto_v0_0_1\vendor\cakephp\debug_kit\src\Middleware\DebugKitMiddleware.php:60
- C:\Ampps\www\SessionH23\cakephp_cms_tuto_v0_0_1\vendor\cakephp\cakephp\src\Http\Runner.php:73
- C:\Ampps\www\SessionH23\cakephp_cms_tuto_v0_0_1\vendor\cakephp\cakephp\src\Http\Runner.php:58
- C:\Ampps\www\SessionH23\cakephp_cms_tuto_v0_0_1\vendor\cakephp\cakephp\src\Http\Server.php:90
- C:\Ampps\www\SessionH23\cakephp_cms_tuto_v0_0_1\webroot\index.php:40

Request URL: /ControllerC
2022-08-27 21:31:59 error: [Cake\Http\Exception\MissingControllerException] Controller class Controlle could not be found. in C:\Ampps\www\SessionH23\cakephp_cms_tuto_v0_0_1\vendor\cakephp\cakephp\src\Controller\ControllerFactory.php on line 348
Exception Attributes: array (
  'class' => 'Controlle',
  'plugin' => NULL,
  'prefix' => NULL,
  '_ext' => NULL,
)
Stack Trace:
- C:\Ampps\www\SessionH23\cakephp_cms_tuto_v0_0_1\vendor\cakephp\cakephp\src\Controller\ControllerFactory.php:74
- C:\Ampps\www\SessionH23\cakephp_cms_tuto_v0_0_1\vendor\cakephp\cakephp\src\Http\BaseApplication.php:318
- C:\Ampps\www\SessionH23\cakephp_cms_tuto_v0_0_1\vendor\cakephp\cakephp\src\Http\Runner.php:77
- C:\Ampps\www\SessionH23\cakephp_cms_tuto_v0_0_1\vendor\cakephp\cakephp\src\Http\Middleware\CsrfProtectionMiddleware.php:174
- C:\Ampps\www\SessionH23\cakephp_cms_tuto_v0_0_1\vendor\cakephp\cakephp\src\Http\Runner.php:73
- C:\Ampps\www\SessionH23\cakephp_cms_tuto_v0_0_1\vendor\cakephp\cakephp\src\Http\Middleware\BodyParserMiddleware.php:157
- C:\Ampps\www\SessionH23\cakephp_cms_tuto_v0_0_1\vendor\cakephp\cakephp\src\Http\Runner.php:73
- C:\Ampps\www\SessionH23\cakephp_cms_tuto_v0_0_1\vendor\cakephp\cakephp\src\Routing\Middleware\RoutingMiddleware.php:186
- C:\Ampps\www\SessionH23\cakephp_cms_tuto_v0_0_1\vendor\cakephp\cakephp\src\Http\Runner.php:73
- C:\Ampps\www\SessionH23\cakephp_cms_tuto_v0_0_1\vendor\cakephp\cakephp\src\Routing\Middleware\AssetMiddleware.php:68
- C:\Ampps\www\SessionH23\cakephp_cms_tuto_v0_0_1\vendor\cakephp\cakephp\src\Http\Runner.php:73
- C:\Ampps\www\SessionH23\cakephp_cms_tuto_v0_0_1\vendor\cakephp\cakephp\src\Error\Middleware\ErrorHandlerMiddleware.php:131
- C:\Ampps\www\SessionH23\cakephp_cms_tuto_v0_0_1\vendor\cakephp\cakephp\src\Http\Runner.php:73
- C:\Ampps\www\SessionH23\cakephp_cms_tuto_v0_0_1\vendor\cakephp\debug_kit\src\Middleware\DebugKitMiddleware.php:60
- C:\Ampps\www\SessionH23\cakephp_cms_tuto_v0_0_1\vendor\cakephp\cakephp\src\Http\Runner.php:73
- C:\Ampps\www\SessionH23\cakephp_cms_tuto_v0_0_1\vendor\cakephp\cakephp\src\Http\Runner.php:58
- C:\Ampps\www\SessionH23\cakephp_cms_tuto_v0_0_1\vendor\cakephp\cakephp\src\Http\Server.php:90
- C:\Ampps\www\SessionH23\cakephp_cms_tuto_v0_0_1\webroot\index.php:40

Request URL: /Controlle
2022-08-27 21:32:01 error: [Cake\Http\Exception\MissingControllerException] Controller class Controlle could not be found. in C:\Ampps\www\SessionH23\cakephp_cms_tuto_v0_0_1\vendor\cakephp\cakephp\src\Controller\ControllerFactory.php on line 348
Exception Attributes: array (
  'class' => 'Controlle',
  'plugin' => NULL,
  'prefix' => NULL,
  '_ext' => NULL,
)
Stack Trace:
- C:\Ampps\www\SessionH23\cakephp_cms_tuto_v0_0_1\vendor\cakephp\cakephp\src\Controller\ControllerFactory.php:74
- C:\Ampps\www\SessionH23\cakephp_cms_tuto_v0_0_1\vendor\cakephp\cakephp\src\Http\BaseApplication.php:318
- C:\Ampps\www\SessionH23\cakephp_cms_tuto_v0_0_1\vendor\cakephp\cakephp\src\Http\Runner.php:77
- C:\Ampps\www\SessionH23\cakephp_cms_tuto_v0_0_1\vendor\cakephp\cakephp\src\Http\Middleware\CsrfProtectionMiddleware.php:174
- C:\Ampps\www\SessionH23\cakephp_cms_tuto_v0_0_1\vendor\cakephp\cakephp\src\Http\Runner.php:73
- C:\Ampps\www\SessionH23\cakephp_cms_tuto_v0_0_1\vendor\cakephp\cakephp\src\Http\Middleware\BodyParserMiddleware.php:157
- C:\Ampps\www\SessionH23\cakephp_cms_tuto_v0_0_1\vendor\cakephp\cakephp\src\Http\Runner.php:73
- C:\Ampps\www\SessionH23\cakephp_cms_tuto_v0_0_1\vendor\cakephp\cakephp\src\Routing\Middleware\RoutingMiddleware.php:186
- C:\Ampps\www\SessionH23\cakephp_cms_tuto_v0_0_1\vendor\cakephp\cakephp\src\Http\Runner.php:73
- C:\Ampps\www\SessionH23\cakephp_cms_tuto_v0_0_1\vendor\cakephp\cakephp\src\Routing\Middleware\AssetMiddleware.php:68
- C:\Ampps\www\SessionH23\cakephp_cms_tuto_v0_0_1\vendor\cakephp\cakephp\src\Http\Runner.php:73
- C:\Ampps\www\SessionH23\cakephp_cms_tuto_v0_0_1\vendor\cakephp\cakephp\src\Error\Middleware\ErrorHandlerMiddleware.php:131
- C:\Ampps\www\SessionH23\cakephp_cms_tuto_v0_0_1\vendor\cakephp\cakephp\src\Http\Runner.php:73
- C:\Ampps\www\SessionH23\cakephp_cms_tuto_v0_0_1\vendor\cakephp\debug_kit\src\Middleware\DebugKitMiddleware.php:60
- C:\Ampps\www\SessionH23\cakephp_cms_tuto_v0_0_1\vendor\cakephp\cakephp\src\Http\Runner.php:73
- C:\Ampps\www\SessionH23\cakephp_cms_tuto_v0_0_1\vendor\cakephp\cakephp\src\Http\Runner.php:58
- C:\Ampps\www\SessionH23\cakephp_cms_tuto_v0_0_1\vendor\cakephp\cakephp\src\Http\Server.php:90
- C:\Ampps\www\SessionH23\cakephp_cms_tuto_v0_0_1\webroot\index.php:40

Request URL: /Controlle
